<?xml version="1.0" encoding="UTF-8"?>
<!-- Generated by org.testng.reporters.JUnitXMLReporter -->
<testsuite hostname="DESKTOP-D8HNM4S" ignored="0" name="Test1" tests="3" failures="0" timestamp="2021-03-03T16:33:00 IST" time="36.899" errors="0">
  <testcase name="launchSite" time="19.919" classname="tests.FBLoginTest"/>
  <testcase name="loginTest" time="10.332" classname="tests.FBLoginTest"/>
  <testcase name="closeSite" time="6.583" classname="tests.FBLoginTest"/>
</testsuite> <!-- Test1 -->
