<?xml version="1.0" encoding="UTF-8"?>
<!-- Generated by org.testng.reporters.JUnitXMLReporter -->
<testsuite hostname="DESKTOP-D8HNM4S" ignored="0" name="Test5" tests="3" failures="0" timestamp="2021-03-03T16:33:06 IST" time="43.478" errors="0">
  <testcase name="launchSite" time="25.146" classname="tests.FBLoginTest"/>
  <testcase name="loginTest" time="17.411" classname="tests.FBLoginTest"/>
  <testcase name="closeSite" time="0.867" classname="tests.FBLoginTest"/>
</testsuite> <!-- Test5 -->
