<?xml version="1.0" encoding="UTF-8"?>
<testng-results skipped="0" failed="0" ignored="0" total="15" passed="15">
  <reporter-output>
    <line>
      <![CDATA[Invalid email address test passed]]>
    </line>
    <line>
      <![CDATA[Blank/Invalid password test passed]]>
    </line>
    <line>
      <![CDATA[Blank/Invalid password test passed]]>
    </line>
    <line>
      <![CDATA[Login test passed]]>
    </line>
  </reporter-output>
  <suite name="Suite" duration-ms="43480" started-at="2021-03-03T16:32:23 IST" finished-at="2021-03-03T16:33:06 IST">
    <groups>
    </groups>
    <test name="Test2" duration-ms="33125" started-at="2021-03-03T16:32:23 IST" finished-at="2021-03-03T16:32:56 IST">
      <class name="tests.FBLoginTest">
        <test-method status="PASS" signature="launchSite(java.lang.String)[pri:1, instance:tests.FBLoginTest@25af5db5]" name="launchSite" duration-ms="20034" started-at="2021-03-03T16:32:23 IST" finished-at="2021-03-03T16:32:43 IST">
          <params>
            <param index="0">
              <value>
                <![CDATA[chrome]]>
              </value>
            </param>
          </params>
          <reporter-output>
          </reporter-output>
        </test-method> <!-- launchSite -->
        <test-method status="PASS" signature="loginTest(java.lang.String, java.lang.String, java.lang.String, java.lang.String)[pri:2, instance:tests.FBLoginTest@25af5db5]" name="loginTest" duration-ms="7835" started-at="2021-03-03T16:32:43 IST" finished-at="2021-03-03T16:32:51 IST">
          <params>
            <param index="0">
              <value>
                <![CDATA[codenonnnncontributors123@gmail.com]]>
              </value>
            </param>
            <param index="1">
              <value>
                <![CDATA[invalid]]>
              </value>
            </param>
            <param index="2">
              <value>
                <![CDATA[PNRSIR@123]]>
              </value>
            </param>
            <param index="3">
              <value>
                <![CDATA[valid]]>
              </value>
            </param>
          </params>
          <reporter-output>
            <line>
              <![CDATA[Invalid email address test passed]]>
            </line>
          </reporter-output>
        </test-method> <!-- loginTest -->
        <test-method status="PASS" signature="closeSite()[pri:3, instance:tests.FBLoginTest@25af5db5]" name="closeSite" duration-ms="5197" started-at="2021-03-03T16:32:51 IST" finished-at="2021-03-03T16:32:56 IST">
          <reporter-output>
          </reporter-output>
        </test-method> <!-- closeSite -->
      </class> <!-- tests.FBLoginTest -->
    </test> <!-- Test2 -->
    <test name="Test1" duration-ms="36899" started-at="2021-03-03T16:32:23 IST" finished-at="2021-03-03T16:33:00 IST">
      <class name="tests.FBLoginTest">
        <test-method status="PASS" signature="launchSite(java.lang.String)[pri:1, instance:tests.FBLoginTest@2173f6d9]" name="launchSite" duration-ms="19919" started-at="2021-03-03T16:32:23 IST" finished-at="2021-03-03T16:32:43 IST">
          <params>
            <param index="0">
              <value>
                <![CDATA[chrome]]>
              </value>
            </param>
          </params>
          <reporter-output>
          </reporter-output>
        </test-method> <!-- launchSite -->
        <test-method status="PASS" signature="loginTest(java.lang.String, java.lang.String, java.lang.String, java.lang.String)[pri:2, instance:tests.FBLoginTest@2173f6d9]" name="loginTest" duration-ms="10332" started-at="2021-03-03T16:32:43 IST" finished-at="2021-03-03T16:32:53 IST">
          <params>
            <param index="0">
              <value>
                <![CDATA[]]>
              </value>
            </param>
            <param index="1">
              <value>
                <![CDATA[blank]]>
              </value>
            </param>
            <param index="2">
              <value>
                <![CDATA[PNRSIR@123]]>
              </value>
            </param>
            <param index="3">
              <value>
                <![CDATA[valid]]>
              </value>
            </param>
          </params>
          <reporter-output>
          </reporter-output>
        </test-method> <!-- loginTest -->
        <test-method status="PASS" signature="closeSite()[pri:3, instance:tests.FBLoginTest@2173f6d9]" name="closeSite" duration-ms="6583" started-at="2021-03-03T16:32:53 IST" finished-at="2021-03-03T16:33:00 IST">
          <reporter-output>
          </reporter-output>
        </test-method> <!-- closeSite -->
      </class> <!-- tests.FBLoginTest -->
    </test> <!-- Test1 -->
    <test name="Test3" duration-ms="40441" started-at="2021-03-03T16:32:23 IST" finished-at="2021-03-03T16:33:03 IST">
      <class name="tests.FBLoginTest">
        <test-method status="PASS" signature="launchSite(java.lang.String)[pri:1, instance:tests.FBLoginTest@7b69c6ba]" name="launchSite" duration-ms="26249" started-at="2021-03-03T16:32:23 IST" finished-at="2021-03-03T16:32:49 IST">
          <params>
            <param index="0">
              <value>
                <![CDATA[chrome]]>
              </value>
            </param>
          </params>
          <reporter-output>
          </reporter-output>
        </test-method> <!-- launchSite -->
        <test-method status="PASS" signature="loginTest(java.lang.String, java.lang.String, java.lang.String, java.lang.String)[pri:2, instance:tests.FBLoginTest@7b69c6ba]" name="loginTest" duration-ms="9185" started-at="2021-03-03T16:32:49 IST" finished-at="2021-03-03T16:32:58 IST">
          <params>
            <param index="0">
              <value>
                <![CDATA[codecontributors123@gmail.com]]>
              </value>
            </param>
            <param index="1">
              <value>
                <![CDATA[valid]]>
              </value>
            </param>
            <param index="2">
              <value>
                <![CDATA[]]>
              </value>
            </param>
            <param index="3">
              <value>
                <![CDATA[blank]]>
              </value>
            </param>
          </params>
          <reporter-output>
            <line>
              <![CDATA[Blank/Invalid password test passed]]>
            </line>
          </reporter-output>
        </test-method> <!-- loginTest -->
        <test-method status="PASS" signature="closeSite()[pri:3, instance:tests.FBLoginTest@7b69c6ba]" name="closeSite" duration-ms="4957" started-at="2021-03-03T16:32:58 IST" finished-at="2021-03-03T16:33:03 IST">
          <reporter-output>
          </reporter-output>
        </test-method> <!-- closeSite -->
      </class> <!-- tests.FBLoginTest -->
    </test> <!-- Test3 -->
    <test name="Test4" duration-ms="40828" started-at="2021-03-03T16:32:23 IST" finished-at="2021-03-03T16:33:03 IST">
      <class name="tests.FBLoginTest">
        <test-method status="PASS" signature="launchSite(java.lang.String)[pri:1, instance:tests.FBLoginTest@50d0686]" name="launchSite" duration-ms="28313" started-at="2021-03-03T16:32:23 IST" finished-at="2021-03-03T16:32:51 IST">
          <params>
            <param index="0">
              <value>
                <![CDATA[chrome]]>
              </value>
            </param>
          </params>
          <reporter-output>
          </reporter-output>
        </test-method> <!-- launchSite -->
        <test-method status="PASS" signature="loginTest(java.lang.String, java.lang.String, java.lang.String, java.lang.String)[pri:2, instance:tests.FBLoginTest@50d0686]" name="loginTest" duration-ms="7379" started-at="2021-03-03T16:32:51 IST" finished-at="2021-03-03T16:32:58 IST">
          <params>
            <param index="0">
              <value>
                <![CDATA[codecontributors123@gmail.com]]>
              </value>
            </param>
            <param index="1">
              <value>
                <![CDATA[valid]]>
              </value>
            </param>
            <param index="2">
              <value>
                <![CDATA[SIRPNR@123]]>
              </value>
            </param>
            <param index="3">
              <value>
                <![CDATA[invalid]]>
              </value>
            </param>
          </params>
          <reporter-output>
            <line>
              <![CDATA[Blank/Invalid password test passed]]>
            </line>
          </reporter-output>
        </test-method> <!-- loginTest -->
        <test-method status="PASS" signature="closeSite()[pri:3, instance:tests.FBLoginTest@50d0686]" name="closeSite" duration-ms="5045" started-at="2021-03-03T16:32:58 IST" finished-at="2021-03-03T16:33:03 IST">
          <reporter-output>
          </reporter-output>
        </test-method> <!-- closeSite -->
      </class> <!-- tests.FBLoginTest -->
    </test> <!-- Test4 -->
    <test name="Test5" duration-ms="43478" started-at="2021-03-03T16:32:23 IST" finished-at="2021-03-03T16:33:06 IST">
      <class name="tests.FBLoginTest">
        <test-method status="PASS" signature="launchSite(java.lang.String)[pri:1, instance:tests.FBLoginTest@63440df3]" name="launchSite" duration-ms="25146" started-at="2021-03-03T16:32:23 IST" finished-at="2021-03-03T16:32:48 IST">
          <params>
            <param index="0">
              <value>
                <![CDATA[chrome]]>
              </value>
            </param>
          </params>
          <reporter-output>
          </reporter-output>
        </test-method> <!-- launchSite -->
        <test-method status="PASS" signature="loginTest(java.lang.String, java.lang.String, java.lang.String, java.lang.String)[pri:2, instance:tests.FBLoginTest@63440df3]" name="loginTest" duration-ms="17411" started-at="2021-03-03T16:32:48 IST" finished-at="2021-03-03T16:33:05 IST">
          <params>
            <param index="0">
              <value>
                <![CDATA[codecontributors123@gmail.com]]>
              </value>
            </param>
            <param index="1">
              <value>
                <![CDATA[valid]]>
              </value>
            </param>
            <param index="2">
              <value>
                <![CDATA[PNRSIR@123]]>
              </value>
            </param>
            <param index="3">
              <value>
                <![CDATA[valid]]>
              </value>
            </param>
          </params>
          <reporter-output>
            <line>
              <![CDATA[Login test passed]]>
            </line>
          </reporter-output>
        </test-method> <!-- loginTest -->
        <test-method status="PASS" signature="closeSite()[pri:3, instance:tests.FBLoginTest@63440df3]" name="closeSite" duration-ms="867" started-at="2021-03-03T16:33:05 IST" finished-at="2021-03-03T16:33:06 IST">
          <reporter-output>
          </reporter-output>
        </test-method> <!-- closeSite -->
      </class> <!-- tests.FBLoginTest -->
    </test> <!-- Test5 -->
  </suite> <!-- Suite -->
</testng-results>
